Arguments: 
  C:\Program Files\nodejs\node.exe C:\Users\GIRGEIYOU\AppData\Roaming\npm\node_modules\yarn\bin\yarn.js add autoprefixer@9

PATH: 
  C:\Users\GIRGEIYOU\bin;C:\Users\GIRGEIYOU\AppData\Local\Programs\Git\mingw64\bin;C:\Users\GIRGEIYOU\AppData\Local\Programs\Git\usr\local\bin;C:\Users\GIRGEIYOU\AppData\Local\Programs\Git\usr\bin;C:\Users\GIRGEIYOU\AppData\Local\Programs\Git\usr\bin;C:\Users\GIRGEIYOU\AppData\Local\Programs\Git\mingw64\bin;C:\Users\GIRGEIYOU\AppData\Local\Programs\Git\usr\bin;C:\Users\GIRGEIYOU\bin;C:\Program Files\Common Files\Oracle\Java\javapath;C:\Oracle\product\11.1.0\client_1\bin;C:\windows\system32;C:\windows;C:\windows\System32\Wbem;C:\windows\System32\WindowsPowerShell\v1.0;C:\windows\System32\OpenSSH;C:\Program Files (x86)\Enterprise Vault\EVClient;C:\Program Files (x86)\Common Files\Crystal Decisions\2.0\bin;C:\Program Files\nodejs;C:\ProgramData\chocolatey\bin;C:\Program Files\Java\jdk-17.0.2\bin;C:\Program Files (x86)\Microsoft SQL Server\150\DTS\Binn;C:\Program Files\Azure Data Studio\bin;C:\Users\GIRGEIYOU\AppData\Local\Programs\Python\Python39\Scripts;C:\Users\GIRGEIYOU\AppData\Local\Programs\Python\Python39;C:\Users\GIRGEIYOU\AppData\Local\Microsoft\WindowsApps;C:\Users\GIRGEIYOU\AppData\Local\Programs\Microsoft VS Code\bin;C:\Users\GIRGEIYOU\AppData\Local\Programs\Git\cmd;C:\Users\GIRGEIYOU\AppData\Roaming\npm;C:\Users\GIRGEIYOU\AppData\Local\gitkraken\bin;C:\flutter_sdk\flutter\bin;C:\Users\GIRGEIYOU\AppData\Local\Programs\Git\usr\bin\vendor_perl;C:\Users\GIRGEIYOU\AppData\Local\Programs\Git\usr\bin\core_perl

Yarn version: 
  1.22.17

Node version: 
  14.17.5

Platform: 
  win32 x64

Trace: 
  Error: EPERM: operation not permitted, unlink 'C:\Users\GIRGEIYOU\webpack\webpack_beginners\node_modules\node-sass\vendor\win32-x64-83\binding.node'

npm manifest: 
  {
    "name": "webpack_beginners",
    "version": "1.0.0",
    "description": "",
    "main": "index.js",
    "scripts": {
      "build": "webpack"
    },
    "keywords": [],
    "author": "",
    "license": "ISC",
    "devDependencies": {
      "@babel/core": "^7.17.5",
      "@babel/preset-env": "^7.16.11",
      "autoprefixer": "^10.4.2",
      "babel-loader": "^8.2.3",
      "css-loader": "^6.7.1",
      "node-sass": "^7.0.1",
      "postcss-loader": "^6.2.1",
      "sass-loader": "^12.6.0",
      "style-loader": "^3.3.1",
      "webpack": "^5.70.0",
      "webpack-cli": "^4.9.2"
    }
  }

yarn manifest: 
  No manifest

Lockfile: 
  No lockfile
